[debug] [2026-01-08T12:07:24.852Z] ----------------------------------------------------------------------
[debug] [2026-01-08T12:07:24.856Z] Command:       C:\Program Files\nodejs\node.exe C:\Users\arother\AppData\Roaming\npm\node_modules\firebase-tools\lib\bin\firebase.js deploy
[debug] [2026-01-08T12:07:24.856Z] CLI Version:   15.1.0
[debug] [2026-01-08T12:07:24.856Z] Platform:      win32
[debug] [2026-01-08T12:07:24.856Z] Node Version:  v25.2.1
[debug] [2026-01-08T12:07:24.856Z] Time:          Thu Jan 08 2026 13:07:24 GMT+0100 (Mitteleuropäische Normalzeit)
[debug] [2026-01-08T12:07:24.856Z] ----------------------------------------------------------------------
[debug] 
[debug] [2026-01-08T12:07:28.494Z] Object "/functions" in "firebase.json" is missing required property: {"missingProperty":"source"}
[debug] [2026-01-08T12:07:28.494Z] Object "/functions" in "firebase.json" is missing required property: {"missingProperty":"remoteSource"}
[debug] [2026-01-08T12:07:28.495Z] Field "/functions" in "firebase.json" is possibly invalid: must be array
[debug] [2026-01-08T12:07:28.495Z] Field "/functions" in "firebase.json" is possibly invalid: must match a schema in anyOf
[debug] [2026-01-08T12:07:28.499Z] > command requires scopes: ["email","openid","https://www.googleapis.com/auth/cloudplatformprojects.readonly","https://www.googleapis.com/auth/firebase","https://www.googleapis.com/auth/cloud-platform"]
[debug] [2026-01-08T12:07:28.499Z] > authorizing via signed-in user (andreas.rother.gs@gmail.com)
[debug] [2026-01-08T12:07:28.499Z] [iam] checking project prj-minnav-2c0be for permissions ["cloudfunctions.functions.create","cloudfunctions.functions.delete","cloudfunctions.functions.get","cloudfunctions.functions.list","cloudfunctions.functions.update","cloudfunctions.operations.get","datastore.indexes.create","datastore.indexes.delete","datastore.indexes.list","datastore.indexes.update","firebase.projects.get","firebasehosting.sites.update"]
[debug] [2026-01-08T12:07:28.500Z] Checked if tokens are valid: false, expires at: 1767814778924
[debug] [2026-01-08T12:07:28.501Z] Checked if tokens are valid: false, expires at: 1767814778924
[debug] [2026-01-08T12:07:28.501Z] > refreshing access token with scopes: []
[debug] [2026-01-08T12:07:28.503Z] >>> [apiv2][query] POST https://www.googleapis.com/oauth2/v3/token [none]
[debug] [2026-01-08T12:07:28.503Z] >>> [apiv2][body] POST https://www.googleapis.com/oauth2/v3/token [omitted]
[debug] [2026-01-08T12:07:29.366Z] <<< [apiv2][status] POST https://www.googleapis.com/oauth2/v3/token 200
[debug] [2026-01-08T12:07:29.366Z] <<< [apiv2][body] POST https://www.googleapis.com/oauth2/v3/token [omitted]
[debug] [2026-01-08T12:07:29.375Z] >>> [apiv2][query] POST https://cloudresourcemanager.googleapis.com/v1/projects/prj-minnav-2c0be:testIamPermissions [none]
[debug] [2026-01-08T12:07:29.375Z] >>> [apiv2][(partial)header] POST https://cloudresourcemanager.googleapis.com/v1/projects/prj-minnav-2c0be:testIamPermissions x-goog-quota-user=projects/prj-minnav-2c0be
[debug] [2026-01-08T12:07:29.375Z] >>> [apiv2][body] POST https://cloudresourcemanager.googleapis.com/v1/projects/prj-minnav-2c0be:testIamPermissions {"permissions":["cloudfunctions.functions.create","cloudfunctions.functions.delete","cloudfunctions.functions.get","cloudfunctions.functions.list","cloudfunctions.functions.update","cloudfunctions.operations.get","datastore.indexes.create","datastore.indexes.delete","datastore.indexes.list","datastore.indexes.update","firebase.projects.get","firebasehosting.sites.update"]}
[debug] [2026-01-08T12:07:29.907Z] <<< [apiv2][status] POST https://cloudresourcemanager.googleapis.com/v1/projects/prj-minnav-2c0be:testIamPermissions 200
[debug] [2026-01-08T12:07:29.908Z] <<< [apiv2][body] POST https://cloudresourcemanager.googleapis.com/v1/projects/prj-minnav-2c0be:testIamPermissions {"permissions":["cloudfunctions.functions.create","cloudfunctions.functions.delete","cloudfunctions.functions.get","cloudfunctions.functions.list","cloudfunctions.functions.update","cloudfunctions.operations.get","datastore.indexes.create","datastore.indexes.delete","datastore.indexes.list","datastore.indexes.update","firebase.projects.get","firebasehosting.sites.update"]}
[debug] [2026-01-08T12:07:29.908Z] Checked if tokens are valid: true, expires at: 1767877648366
[debug] [2026-01-08T12:07:29.908Z] Checked if tokens are valid: true, expires at: 1767877648366
[debug] [2026-01-08T12:07:29.908Z] >>> [apiv2][query] POST https://iam.googleapis.com/v1/projects/prj-minnav-2c0be/serviceAccounts/prj-minnav-2c0be@appspot.gserviceaccount.com:testIamPermissions [none]
[debug] [2026-01-08T12:07:29.908Z] >>> [apiv2][body] POST https://iam.googleapis.com/v1/projects/prj-minnav-2c0be/serviceAccounts/prj-minnav-2c0be@appspot.gserviceaccount.com:testIamPermissions {"permissions":["iam.serviceAccounts.actAs"]}
[debug] [2026-01-08T12:07:30.386Z] <<< [apiv2][status] POST https://iam.googleapis.com/v1/projects/prj-minnav-2c0be/serviceAccounts/prj-minnav-2c0be@appspot.gserviceaccount.com:testIamPermissions 404
[debug] [2026-01-08T12:07:30.386Z] <<< [apiv2][body] POST https://iam.googleapis.com/v1/projects/prj-minnav-2c0be/serviceAccounts/prj-minnav-2c0be@appspot.gserviceaccount.com:testIamPermissions {"error":{"code":404,"message":"Unknown service account","status":"NOT_FOUND"}}
[debug] [2026-01-08T12:07:30.387Z] [functions] service account IAM check errored, deploy may fail: Request to https://iam.googleapis.com/v1/projects/prj-minnav-2c0be/serviceAccounts/prj-minnav-2c0be@appspot.gserviceaccount.com:testIamPermissions had HTTP Error: 404, Unknown service account {"name":"FirebaseError","children":[],"context":{"body":{"error":{"code":404,"message":"Unknown service account","status":"NOT_FOUND"}},"response":{"statusCode":404}},"exit":1,"message":"Request to https://iam.googleapis.com/v1/projects/prj-minnav-2c0be/serviceAccounts/prj-minnav-2c0be@appspot.gserviceaccount.com:testIamPermissions had HTTP Error: 404, Unknown service account","status":404}
[debug] [2026-01-08T12:07:30.387Z] Checked if tokens are valid: true, expires at: 1767877648366
[debug] [2026-01-08T12:07:30.387Z] Checked if tokens are valid: true, expires at: 1767877648366
[debug] [2026-01-08T12:07:30.388Z] >>> [apiv2][query] GET https://firebase.googleapis.com/v1beta1/projects/prj-minnav-2c0be [none]
[debug] [2026-01-08T12:07:30.919Z] <<< [apiv2][status] GET https://firebase.googleapis.com/v1beta1/projects/prj-minnav-2c0be 200
[debug] [2026-01-08T12:07:30.919Z] <<< [apiv2][body] GET https://firebase.googleapis.com/v1beta1/projects/prj-minnav-2c0be {"projectId":"prj-minnav-2c0be","projectNumber":"195830109126","displayName":"prj-minnav","name":"projects/prj-minnav-2c0be","resources":{"hostingSite":"prj-minnav-2c0be"},"state":"ACTIVE","etag":"1_e9eb7c2c-58da-46e5-8daa-ce209e03cf45"}
[info] 
[info] === Deploying to 'prj-minnav-2c0be'...
[info] 
[info] i  deploying firestore, functions, hosting 
[debug] [2026-01-08T12:07:30.924Z] TypeError [ERR_INVALID_ARG_TYPE]: The "path" argument must be of type string. Received undefined
    at Object.isAbsolute (node:path:488:5)
    at Config.path (C:\Users\arother\AppData\Roaming\npm\node_modules\firebase-tools\lib\config.js:137:18)
    at getChildEnvironment (C:\Users\arother\AppData\Roaming\npm\node_modules\firebase-tools\lib\deploy\lifecycleHooks.js:56:49)
    at runTargetCommands (C:\Users\arother\AppData\Roaming\npm\node_modules\firebase-tools\lib\deploy\lifecycleHooks.js:77:14)
    at C:\Users\arother\AppData\Roaming\npm\node_modules\firebase-tools\lib\deploy\lifecycleHooks.js:151:24
    at process.processTicksAndRejections (node:internal/process/task_queues:103:5)
    at async chain (C:\Users\arother\AppData\Roaming\npm\node_modules\firebase-tools\lib\deploy\index.js:43:9)
    at async deploy (C:\Users\arother\AppData\Roaming\npm\node_modules\firebase-tools\lib\deploy\index.js:121:9)
[error] 
[error] Error: An unexpected error has occurred.
